2022-10-15 13:38:23.274 INFO  (main) [   ] o.e.j.u.log Logging initialized @776ms to org.eclipse.jetty.util.log.Slf4jLog
2022-10-15 13:38:23.403 INFO  (main) [   ] o.e.j.s.Server jetty-9.4.44.v20210927; built: 2021-09-27T23:02:44.612Z; git: 8da83308eeca865e495e53ef315a249d63ba9332; jvm 11.0.16+8
2022-10-15 13:38:23.415 INFO  (main) [   ] o.e.j.d.p.ScanningAppProvider Deployment monitor [file:///opt/solr-8.11.2/server/contexts/] at interval 0
2022-10-15 13:38:23.579 INFO  (main) [   ] o.e.j.w.StandardDescriptorProcessor NO JSP Support for /solr, did not find org.apache.jasper.servlet.JspServlet
2022-10-15 13:38:23.585 INFO  (main) [   ] o.e.j.s.session DefaultSessionIdManager workerName=node0
2022-10-15 13:38:23.585 INFO  (main) [   ] o.e.j.s.session No SessionScavenger set, using defaults
2022-10-15 13:38:23.586 INFO  (main) [   ] o.e.j.s.session node0 Scavenging every 600000ms
2022-10-15 13:38:23.628 INFO  (main) [   ] o.a.s.s.SolrDispatchFilter Using logger factory org.apache.logging.slf4j.Log4jLoggerFactory
2022-10-15 13:38:23.630 INFO  (main) [   ] o.a.s.s.SolrDispatchFilter  ___      _       Welcome to Apache Solr™ version 8.11.2
2022-10-15 13:38:23.631 INFO  (main) [   ] o.a.s.s.SolrDispatchFilter / __| ___| |_ _   Starting in standalone mode on port 8983
2022-10-15 13:38:23.631 INFO  (main) [   ] o.a.s.s.SolrDispatchFilter \__ \/ _ \ | '_|  Install dir: /opt/solr
2022-10-15 13:38:23.631 INFO  (main) [   ] o.a.s.s.SolrDispatchFilter |___/\___/_|_|    Start time: 2022-10-15T13:38:23.631174Z
2022-10-15 13:38:23.653 INFO  (main) [   ] o.a.s.c.SolrPaths Using system property solr.solr.home: /var/solr/data
2022-10-15 13:38:23.655 INFO  (main) [   ] o.a.s.c.SolrXmlConfig Loading container configuration from /var/solr/data/solr.xml
2022-10-15 13:38:23.717 INFO  (main) [   ] o.a.s.c.SolrXmlConfig MBean server found: com.sun.jmx.mbeanserver.JmxMBeanServer@6d60fe40, but no JMX reporters were configured - adding default JMX reporter.
2022-10-15 13:38:23.985 INFO  (main) [   ] o.a.s.h.c.HttpShardHandlerFactory Host whitelist initialized: WhitelistHostChecker [whitelistHosts=null, whitelistHostCheckingEnabled=true]
2022-10-15 13:38:24.056 WARN  (main) [   ] o.e.j.u.s.S.config Trusting all certificates configured for Client@10bd9df0[provider=null,keyStore=null,trustStore=null]
2022-10-15 13:38:24.057 WARN  (main) [   ] o.e.j.u.s.S.config No Client EndPointIdentificationAlgorithm configured for Client@10bd9df0[provider=null,keyStore=null,trustStore=null]
2022-10-15 13:38:24.178 WARN  (main) [   ] o.e.j.u.s.S.config Trusting all certificates configured for Client@3cb8c8ce[provider=null,keyStore=null,trustStore=null]
2022-10-15 13:38:24.179 WARN  (main) [   ] o.e.j.u.s.S.config No Client EndPointIdentificationAlgorithm configured for Client@3cb8c8ce[provider=null,keyStore=null,trustStore=null]
2022-10-15 13:38:24.216 WARN  (main) [   ] o.a.s.c.CoreContainer Not all security plugins configured!  authentication=disabled authorization=disabled.  Solr is only as secure as you make it. Consider configuring authentication/authorization before exposing Solr to users internal or external.  See https://s.apache.org/solrsecurity for more info
2022-10-15 13:38:24.280 INFO  (main) [   ] o.a.s.c.TransientSolrCoreCacheDefault Allocating transient core cache for max 2147483647 cores with initial capacity of 1024
2022-10-15 13:38:24.286 INFO  (main) [   ] o.a.s.h.a.MetricsHistoryHandler No .system collection, keeping metrics history in memory.
2022-10-15 13:38:24.318 INFO  (main) [   ] o.a.s.m.r.SolrJmxReporter JMX monitoring for 'solr.node' (registry 'solr.node') enabled at server: com.sun.jmx.mbeanserver.JmxMBeanServer@6d60fe40
2022-10-15 13:38:24.318 INFO  (main) [   ] o.a.s.m.r.SolrJmxReporter JMX monitoring for 'solr.jvm' (registry 'solr.jvm') enabled at server: com.sun.jmx.mbeanserver.JmxMBeanServer@6d60fe40
2022-10-15 13:38:24.319 INFO  (main) [   ] o.a.s.m.r.SolrJmxReporter JMX monitoring for 'solr.jetty' (registry 'solr.jetty') enabled at server: com.sun.jmx.mbeanserver.JmxMBeanServer@6d60fe40
2022-10-15 13:38:24.342 INFO  (main) [   ] o.a.s.c.CorePropertiesLocator Found 1 core definitions underneath /var/solr/data
2022-10-15 13:38:24.342 INFO  (main) [   ] o.a.s.c.CorePropertiesLocator Cores are: [mysolr]
2022-10-15 13:38:24.399 INFO  (main) [   ] o.e.j.s.h.ContextHandler Started o.e.j.w.WebAppContext@55787112{/solr,file:///opt/solr-8.11.2/server/solr-webapp/webapp/,AVAILABLE}{/opt/solr-8.11.2/server/solr-webapp/webapp}
2022-10-15 13:38:24.419 INFO  (coreLoadExecutor-13-thread-1) [   x:mysolr] o.a.s.c.SolrResourceLoader Added 64 libs to classloader, from paths: [/opt/solr/contrib/analysis-extras/lib, /opt/solr/contrib/analysis-extras/lucene-libs, /opt/solr/contrib/extraction/lib, /opt/solr/contrib/langid/lib, /opt/solr/dist]
2022-10-15 13:38:24.437 INFO  (main) [   ] o.e.j.s.AbstractConnector Started ServerConnector@78365cfa{HTTP/1.1, (http/1.1, h2c)}{0.0.0.0:8983}
2022-10-15 13:38:24.438 INFO  (main) [   ] o.e.j.s.Server Started @1940ms
2022-10-15 13:38:24.684 INFO  (coreLoadExecutor-13-thread-1) [   x:mysolr] o.a.s.c.SolrConfig Using Lucene MatchVersion: 8.11.0
2022-10-15 13:38:24.711 INFO  (coreLoadExecutor-13-thread-1) [   x:mysolr] o.a.s.u.SolrIndexConfig IndexWriter infoStream solr logging is enabled
2022-10-15 13:38:24.764 INFO  (coreLoadExecutor-13-thread-1) [   x:mysolr] o.a.s.s.IndexSchema Schema name=drupal-4.2.9-solr-8.x-0
2022-10-15 13:38:24.952 INFO  (coreLoadExecutor-13-thread-1) [   x:mysolr] o.a.s.s.IndexSchema Loaded schema drupal-4.2.9-solr-8.x-0/1.6 with uniqueid field id
2022-10-15 13:38:25.491 INFO  (coreLoadExecutor-13-thread-1) [   x:mysolr] o.a.s.c.CoreContainer Creating SolrCore 'mysolr' using configuration from instancedir /var/solr/data/mysolr, trusted=true
2022-10-15 13:38:25.518 INFO  (coreLoadExecutor-13-thread-1) [   x:mysolr] o.a.s.m.r.SolrJmxReporter JMX monitoring for 'solr.core.mysolr' (registry 'solr.core.mysolr') enabled at server: com.sun.jmx.mbeanserver.JmxMBeanServer@6d60fe40
2022-10-15 13:38:25.530 INFO  (coreLoadExecutor-13-thread-1) [   x:mysolr] o.a.s.c.SolrCore [[mysolr] ] Opening new SolrCore at [/var/solr/data/mysolr], dataDir=[/var/solr/data/mysolr/data/]
2022-10-15 13:38:25.555 INFO  (coreLoadExecutor-13-thread-1) [   x:mysolr] o.a.s.r.XSLTResponseWriter xsltCacheLifetimeSeconds=5
2022-10-15 13:38:25.836 INFO  (coreLoadExecutor-13-thread-1) [   x:mysolr] o.a.s.u.UpdateHandler Using UpdateLog implementation: org.apache.solr.update.UpdateLog
2022-10-15 13:38:25.836 INFO  (coreLoadExecutor-13-thread-1) [   x:mysolr] o.a.s.u.UpdateLog Initializing UpdateLog: dataDir= defaultSyncLevel=FLUSH numRecordsToKeep=100 maxNumLogsToKeep=10 numVersionBuckets=65536
2022-10-15 13:38:25.842 INFO  (coreLoadExecutor-13-thread-1) [   x:mysolr] o.a.s.u.CommitTracker Hard AutoCommit: if uncommitted for 15000ms; 
2022-10-15 13:38:25.842 INFO  (coreLoadExecutor-13-thread-1) [   x:mysolr] o.a.s.u.CommitTracker Soft AutoCommit: if uncommitted for 5000ms; 
2022-10-15 13:38:25.887 INFO  (coreLoadExecutor-13-thread-1) [   x:mysolr] o.a.s.r.ManagedResourceStorage File-based storage initialized to use dir: /var/solr/data/mysolr/conf
2022-10-15 13:38:25.893 INFO  (coreLoadExecutor-13-thread-1) [   x:mysolr] o.a.s.h.c.SpellCheckComponent Initializing spell checkers
2022-10-15 13:38:25.895 INFO  (coreLoadExecutor-13-thread-1) [   x:mysolr] o.a.s.s.DirectSolrSpellChecker init: {name=en,field=spellcheck_en,classname=solr.DirectSolrSpellChecker,distanceMeasure=internal,accuracy=0.5,maxEdits=2,minPrefix=1,maxInspections=5,minQueryLength=4,maxQueryFrequency=0.01,thresholdTokenFrequency=.01,onlyMorePopular=true}
2022-10-15 13:38:25.896 INFO  (coreLoadExecutor-13-thread-1) [   x:mysolr] o.a.s.s.DirectSolrSpellChecker init: {name=und,field=spellcheck_und,classname=solr.DirectSolrSpellChecker,distanceMeasure=internal,accuracy=0.5,maxEdits=2,minPrefix=1,maxInspections=5,minQueryLength=4,maxQueryFrequency=0.01,thresholdTokenFrequency=.01,onlyMorePopular=true}
2022-10-15 13:38:25.896 INFO  (coreLoadExecutor-13-thread-1) [   x:mysolr] o.a.s.h.c.SuggestComponent Initializing SuggestComponent
2022-10-15 13:38:25.897 INFO  (coreLoadExecutor-13-thread-1) [   x:mysolr] o.a.s.s.s.SolrSuggester init: {name=en,lookupImpl=AnalyzingInfixLookupFactory,dictionaryImpl=DocumentDictionaryFactory,field=twm_suggest,suggestAnalyzerFieldType=text_en,contextField=sm_context_tags,buildOnCommit=true,buildOnStartup=false}
2022-10-15 13:38:25.905 INFO  (coreLoadExecutor-13-thread-1) [   x:mysolr] o.a.s.s.s.SolrSuggester Dictionary loaded with params: {name=en,lookupImpl=AnalyzingInfixLookupFactory,dictionaryImpl=DocumentDictionaryFactory,field=twm_suggest,suggestAnalyzerFieldType=text_en,contextField=sm_context_tags,buildOnCommit=true,buildOnStartup=false}
2022-10-15 13:38:25.905 INFO  (coreLoadExecutor-13-thread-1) [   x:mysolr] o.a.s.h.c.SuggestComponent Registering searcher listener for suggester: en = SuggesterListener [core=org.apache.solr.core.SolrCore@405f13, suggester=SolrSuggester [ name=en, sourceLocation=null, storeDir=, lookupImpl=AnalyzingInfixLookupFactory, dictionaryImpl=DocumentDictionaryFactory, sizeInBytes=48 ], buildOnCommit=true, buildOnOptimize=false, buildOnStartup=false, isCoreReload=false]
2022-10-15 13:38:25.905 INFO  (coreLoadExecutor-13-thread-1) [   x:mysolr] o.a.s.s.s.SolrSuggester init: {name=und,lookupImpl=AnalyzingInfixLookupFactory,dictionaryImpl=DocumentDictionaryFactory,field=twm_suggest,suggestAnalyzerFieldType=text_und,contextField=sm_context_tags,buildOnCommit=true,buildOnStartup=false}
2022-10-15 13:38:25.906 INFO  (coreLoadExecutor-13-thread-1) [   x:mysolr] o.a.s.s.s.SolrSuggester Dictionary loaded with params: {name=und,lookupImpl=AnalyzingInfixLookupFactory,dictionaryImpl=DocumentDictionaryFactory,field=twm_suggest,suggestAnalyzerFieldType=text_und,contextField=sm_context_tags,buildOnCommit=true,buildOnStartup=false}
2022-10-15 13:38:25.906 INFO  (coreLoadExecutor-13-thread-1) [   x:mysolr] o.a.s.h.c.SuggestComponent Registering searcher listener for suggester: und = SuggesterListener [core=org.apache.solr.core.SolrCore@405f13, suggester=SolrSuggester [ name=und, sourceLocation=null, storeDir=, lookupImpl=AnalyzingInfixLookupFactory, dictionaryImpl=DocumentDictionaryFactory, sizeInBytes=48 ], buildOnCommit=true, buildOnOptimize=false, buildOnStartup=false, isCoreReload=false]
2022-10-15 13:38:25.907 INFO  (coreLoadExecutor-13-thread-1) [   x:mysolr] o.a.s.h.c.QueryElevationComponent Loading QueryElevation from: /var/solr/data/mysolr/conf/elevate.xml
2022-10-15 13:38:25.913 INFO  (coreLoadExecutor-13-thread-1) [   x:mysolr] o.a.s.h.ReplicationHandler Commits will be reserved for 10000 ms
2022-10-15 13:38:25.915 INFO  (coreLoadExecutor-13-thread-1) [   x:mysolr] o.a.s.u.UpdateLog Could not find max version in index or recent updates, using new clock 1746761003475927040
2022-10-15 13:38:25.941 INFO  (searcherExecutor-15-thread-1-processing-x:mysolr) [   x:mysolr] o.a.s.c.S.Request [mysolr]  webapp=null path=null params={q=static+firstSearcher+warming+in+solrconfig.xml&distrib=false&event=firstSearcher} hits=0 status=0 QTime=23
2022-10-15 13:38:25.942 INFO  (searcherExecutor-15-thread-1-processing-x:mysolr) [   x:mysolr] o.a.s.c.QuerySenderListener QuerySenderListener done.
2022-10-15 13:38:25.942 INFO  (searcherExecutor-15-thread-1-processing-x:mysolr) [   x:mysolr] o.a.s.h.c.SpellCheckComponent Loading spell index for spellchecker: en
2022-10-15 13:38:25.942 INFO  (searcherExecutor-15-thread-1-processing-x:mysolr) [   x:mysolr] o.a.s.h.c.SpellCheckComponent Loading spell index for spellchecker: und
2022-10-15 13:38:25.947 INFO  (searcherExecutor-15-thread-1-processing-x:mysolr) [   x:mysolr] o.a.s.c.SolrCore [mysolr]  Registered new searcher autowarm time: 0 ms
2022-10-15 13:38:27.662 INFO  (qtp1810923540-25) [   ] o.a.s.s.HttpSolrCall [admin] webapp=null path=/admin/cores params={indexInfo=false&wt=json&_=1665841107636} status=0 QTime=1
2022-10-15 13:38:27.668 INFO  (qtp1810923540-16) [   ] o.a.s.s.HttpSolrCall [admin] webapp=null path=/admin/info/system params={wt=json&_=1665841107636} status=0 QTime=7
2022-10-15 13:38:27.678 INFO  (qtp1810923540-23) [   ] o.a.s.s.HttpSolrCall [admin] webapp=null path=/admin/info/system params={wt=json&_=1665841107636} status=0 QTime=2
2022-10-15 13:38:29.909 INFO  (qtp1810923540-20) [   ] o.a.s.s.HttpSolrCall [admin] webapp=null path=/admin/cores params={indexInfo=false&wt=json&_=1665841107636} status=0 QTime=0
2022-10-15 13:38:29.917 INFO  (qtp1810923540-21) [   ] o.a.s.s.HttpSolrCall [admin] webapp=null path=/admin/info/system params={wt=json&_=1665841107636} status=0 QTime=5
2022-10-15 13:38:29.923 INFO  (qtp1810923540-22) [   x:mysolr] o.a.s.c.S.Request [mysolr]  webapp=/solr path=/admin/ping params={action=status&wt=json&_=1665841107636&ts=1665841107636} status=503 QTime=1
2022-10-15 13:38:29.928 INFO  (qtp1810923540-19) [   x:mysolr] o.a.s.c.S.Request [mysolr]  webapp=/solr path=/admin/luke params={numTerms=0&show=index&wt=json&_=1665841109903} status=0 QTime=8
2022-10-15 13:38:29.935 INFO  (qtp1810923540-20) [   x:mysolr] o.a.s.c.S.Request [mysolr]  webapp=/solr path=/admin/system params={wt=json&_=1665841109903} status=0 QTime=14
2022-10-15 13:38:29.938 INFO  (qtp1810923540-23) [   x:mysolr] o.a.s.c.S.Request [mysolr]  webapp=/solr path=/replication params={wt=json&command=details&_=1665841109903} status=0 QTime=18
2022-10-15 13:38:44.954 INFO  (JettyShutdownThread) [   ] o.e.j.s.AbstractConnector Stopped ServerConnector@78365cfa{HTTP/1.1, (http/1.1, h2c)}{0.0.0.0:8983}
2022-10-15 13:38:44.955 INFO  (JettyShutdownThread) [   ] o.e.j.s.session node0 Stopped scavenging
2022-10-15 13:38:44.960 INFO  (JettyShutdownThread) [   ] o.a.s.c.CoreContainer Shutting down CoreContainer instance=691854979
2022-10-15 13:38:44.968 INFO  (coreCloseExecutor-21-thread-1) [   ] o.a.s.c.SolrCore [mysolr]  CLOSING SolrCore org.apache.solr.core.SolrCore@405f13
2022-10-15 13:38:44.968 INFO  (coreCloseExecutor-21-thread-1) [   ] o.a.s.m.SolrMetricManager Closing metric reporters for registry=solr.core.mysolr tag=SolrCore@405f13
2022-10-15 13:38:44.969 INFO  (coreCloseExecutor-21-thread-1) [   ] o.a.s.m.r.SolrJmxReporter Closing reporter [org.apache.solr.metrics.reporters.SolrJmxReporter@20cba45c: rootName = null, domain = solr.core.mysolr, service url = null, agent id = null] for registry solr.core.mysolr/com.codahale.metrics.MetricRegistry@6c46fd70
2022-10-15 13:38:44.980 INFO  (coreCloseExecutor-21-thread-1) [   ] o.a.s.u.DirectUpdateHandler2 Committing on IndexWriter.close()  ... SKIPPED (unnecessary).
2022-10-15 13:38:44.989 INFO  (JettyShutdownThread) [   ] o.a.s.m.SolrMetricManager Closing metric reporters for registry=solr.node tag=null
2022-10-15 13:38:44.990 INFO  (JettyShutdownThread) [   ] o.a.s.m.r.SolrJmxReporter Closing reporter [org.apache.solr.metrics.reporters.SolrJmxReporter@5ed4bc: rootName = null, domain = solr.node, service url = null, agent id = null] for registry solr.node/com.codahale.metrics.MetricRegistry@364e84b1
2022-10-15 13:38:44.991 INFO  (JettyShutdownThread) [   ] o.a.s.m.SolrMetricManager Closing metric reporters for registry=solr.jvm tag=null
2022-10-15 13:38:44.991 INFO  (JettyShutdownThread) [   ] o.a.s.m.r.SolrJmxReporter Closing reporter [org.apache.solr.metrics.reporters.SolrJmxReporter@69d23296: rootName = null, domain = solr.jvm, service url = null, agent id = null] for registry solr.jvm/com.codahale.metrics.MetricRegistry@2e9f9fba
2022-10-15 13:38:44.992 INFO  (JettyShutdownThread) [   ] o.a.s.m.SolrMetricManager Closing metric reporters for registry=solr.jetty tag=null
2022-10-15 13:38:44.992 INFO  (JettyShutdownThread) [   ] o.a.s.m.r.SolrJmxReporter Closing reporter [org.apache.solr.metrics.reporters.SolrJmxReporter@3c3820bb: rootName = null, domain = solr.jetty, service url = null, agent id = null] for registry solr.jetty/com.codahale.metrics.MetricRegistry@1c4449c3
2022-10-15 13:38:45.003 INFO  (JettyShutdownThread) [   ] o.e.j.s.h.ContextHandler Stopped o.e.j.w.WebAppContext@55787112{/solr,null,STOPPED}{/opt/solr-8.11.2/server/solr-webapp/webapp}
